0 info it worked if it ends with ok
1 verbose cli [ 'node', '/usr/local/bin/npm', 'install', '-g', 'http-server' ]
2 info using npm@2.10.1
3 info using node@v0.12.4
4 verbose install initial load of /usr/local/lib/package.json
5 verbose readDependencies loading dependencies from /usr/local/lib/package.json
6 silly cache add args [ 'http-server', null ]
7 verbose cache add spec http-server
8 silly cache add parsed spec { raw: 'http-server',
8 silly cache add   scope: null,
8 silly cache add   name: 'http-server',
8 silly cache add   rawSpec: '',
8 silly cache add   spec: '*',
8 silly cache add   type: 'range' }
9 silly addNamed http-server@*
10 verbose addNamed "*" is a valid semver range for http-server
11 silly addNameRange { name: 'http-server', range: '*', hasData: false }
12 silly mapToRegistry name http-server
13 silly mapToRegistry using default registry
14 silly mapToRegistry registry https://registry.npmjs.org/
15 silly mapToRegistry uri https://registry.npmjs.org/http-server
16 verbose addNameRange registry:https://registry.npmjs.org/http-server not in flight; fetching
17 verbose request uri https://registry.npmjs.org/http-server
18 verbose request no auth needed
19 info attempt registry request try #1 at 12:05:42 AM
20 verbose request id 4f55797893f09ca4
21 verbose etag "2YYHE29Z5MSQX09FOBI6J5URR"
22 http request GET https://registry.npmjs.org/http-server
23 http 304 https://registry.npmjs.org/http-server
24 silly get cb [ 304,
24 silly get   { date: 'Fri, 04 Sep 2015 04:05:43 GMT',
24 silly get     via: '1.1 varnish',
24 silly get     'cache-control': 'max-age=60',
24 silly get     etag: '"2YYHE29Z5MSQX09FOBI6J5URR"',
24 silly get     age: '21',
24 silly get     connection: 'keep-alive',
24 silly get     'x-served-by': 'cache-iad2134-IAD',
24 silly get     'x-cache': 'HIT',
24 silly get     'x-cache-hits': '1',
24 silly get     'x-timer': 'S1441339543.054190,VS0,VE0',
24 silly get     vary: 'Accept' } ]
25 verbose etag https://registry.npmjs.org/http-server from cache
26 verbose get saving http-server to /Users/NeverOdd/.npm/registry.npmjs.org/http-server/.cache.json
27 silly addNameRange number 2 { name: 'http-server', range: '*', hasData: true }
28 silly addNameRange versions [ 'http-server',
28 silly addNameRange   [ '0.1.0',
28 silly addNameRange     '0.1.1',
28 silly addNameRange     '0.1.3',
28 silly addNameRange     '0.2.1',
28 silly addNameRange     '0.2.2',
28 silly addNameRange     '0.2.3',
28 silly addNameRange     '0.2.4',
28 silly addNameRange     '0.2.5',
28 silly addNameRange     '0.2.6',
28 silly addNameRange     '0.2.9',
28 silly addNameRange     '0.3.0',
28 silly addNameRange     '0.4.0',
28 silly addNameRange     '0.4.1',
28 silly addNameRange     '0.5.0',
28 silly addNameRange     '0.5.1',
28 silly addNameRange     '0.5.2',
28 silly addNameRange     '0.5.3',
28 silly addNameRange     '0.5.5',
28 silly addNameRange     '0.6.0',
28 silly addNameRange     '0.6.1',
28 silly addNameRange     '0.7.0',
28 silly addNameRange     '0.7.1',
28 silly addNameRange     '0.7.2',
28 silly addNameRange     '0.7.3',
28 silly addNameRange     '0.7.4',
28 silly addNameRange     '0.7.5',
28 silly addNameRange     '0.8.0' ] ]
29 silly addNamed http-server@0.8.0
30 verbose addNamed "0.8.0" is a plain semver version for http-server
31 silly cache afterAdd http-server@0.8.0
32 verbose afterAdd /Users/NeverOdd/.npm/http-server/0.8.0/package/package.json not in flight; writing
33 verbose afterAdd /Users/NeverOdd/.npm/http-server/0.8.0/package/package.json written
34 silly install resolved [ { name: 'http-server',
34 silly install resolved     version: '0.8.0',
34 silly install resolved     description: 'A simple zero-configuration command-line http server',
34 silly install resolved     main: './lib/http-server',
34 silly install resolved     repository:
34 silly install resolved      { type: 'git',
34 silly install resolved        url: 'git://github.com/indexzero/http-server.git' },
34 silly install resolved     keywords: [ 'cli', 'command' ],
34 silly install resolved     scripts:
34 silly install resolved      { start: 'node ./bin/http-server',
34 silly install resolved        pretest: 'stylezero bin/ lib/ test',
34 silly install resolved        test: 'vows --spec --isolate' },
34 silly install resolved     contributors:
34 silly install resolved      [ [Object],
34 silly install resolved        [Object],
34 silly install resolved        [Object],
34 silly install resolved        [Object],
34 silly install resolved        [Object],
34 silly install resolved        [Object],
34 silly install resolved        [Object],
34 silly install resolved        [Object],
34 silly install resolved        [Object],
34 silly install resolved        [Object] ],
34 silly install resolved     dependencies:
34 silly install resolved      { colors: '1.0.3',
34 silly install resolved        optimist: '0.6.x',
34 silly install resolved        union: '~0.4.3',
34 silly install resolved        ecstatic: '~0.7.0',
34 silly install resolved        'http-proxy': '^1.8.1',
34 silly install resolved        portfinder: '0.4.x',
34 silly install resolved        opener: '~1.4.0',
34 silly install resolved        corser: '~2.0.0' },
34 silly install resolved     devDependencies: { vows: '0.7.x', request: '2.49.x', stylezero: '2.2.0' },
34 silly install resolved     bugs: { url: 'https://github.com/nodeapps/http-server/issues' },
34 silly install resolved     licenses: [ [Object] ],
34 silly install resolved     preferGlobal: 'true',
34 silly install resolved     bin: { 'http-server': './bin/http-server', hs: './bin/http-server' },
34 silly install resolved     gitHead: 'ac38a041c954c863fd695b0f70ba251399856812',
34 silly install resolved     homepage: 'https://github.com/indexzero/http-server',
34 silly install resolved     _id: 'http-server@0.8.0',
34 silly install resolved     _shasum: 'd4b671781ec6bf9fa6a311cd1df683b0b37b1491',
34 silly install resolved     _from: 'http-server@*',
34 silly install resolved     _npmVersion: '2.2.0',
34 silly install resolved     _nodeVersion: '0.10.33',
34 silly install resolved     _npmUser: { name: 'indexzero', email: 'charlie.robbins@gmail.com' },
34 silly install resolved     maintainers: [ [Object] ],
34 silly install resolved     dist:
34 silly install resolved      { shasum: 'd4b671781ec6bf9fa6a311cd1df683b0b37b1491',
34 silly install resolved        tarball: 'http://registry.npmjs.org/http-server/-/http-server-0.8.0.tgz' },
34 silly install resolved     directories: {},
34 silly install resolved     _resolved: 'https://registry.npmjs.org/http-server/-/http-server-0.8.0.tgz',
34 silly install resolved     readme: 'ERROR: No README data found!' } ]
35 info install http-server@0.8.0 into /usr/local/lib
36 info installOne http-server@0.8.0
37 verbose installOne of http-server to /usr/local/lib not in flight; installing
38 warn locking Error: EACCES, open '/Users/NeverOdd/.npm/_locks/http-server-ae30c9ae1f4c5eaa.lock'
38 warn locking     at Error (native)
38 warn locking  /Users/NeverOdd/.npm/_locks/http-server-ae30c9ae1f4c5eaa.lock failed { [Error: EACCES, open '/Users/NeverOdd/.npm/_locks/http-server-ae30c9ae1f4c5eaa.lock']
38 warn locking   errno: -13,
38 warn locking   code: 'EACCES',
38 warn locking   path: '/Users/NeverOdd/.npm/_locks/http-server-ae30c9ae1f4c5eaa.lock' }
39 verbose stack Error: Attempt to unlock /usr/local/lib/node_modules/http-server, which hasn't been locked
39 verbose stack     at unlock (/usr/local/lib/node_modules/npm/lib/utils/locker.js:66:11)
39 verbose stack     at cb (/usr/local/lib/node_modules/npm/lib/install.js:1017:5)
39 verbose stack     at /usr/local/lib/node_modules/npm/lib/install.js:1021:20
39 verbose stack     at /usr/local/lib/node_modules/npm/lib/utils/locker.js:40:9
39 verbose stack     at cb (/usr/local/lib/node_modules/npm/node_modules/lockfile/lockfile.js:149:38)
39 verbose stack     at /usr/local/lib/node_modules/npm/node_modules/lockfile/lockfile.js:177:38
39 verbose stack     at FSReqWrap.oncomplete (fs.js:95:15)
40 verbose cwd /Users/NeverOdd/Desktop/ICM
41 error Darwin 14.4.0
42 error argv "node" "/usr/local/bin/npm" "install" "-g" "http-server"
43 error node v0.12.4
44 error npm  v2.10.1
45 error Attempt to unlock /usr/local/lib/node_modules/http-server, which hasn't been locked
46 error If you need help, you may report this error at:
46 error     <https://github.com/npm/npm/issues>
47 verbose exit [ 1, true ]
